# JRE version: Java(TM) SE Runtime Environment (21.0.10+8) (build 21.0.10+8-LTS-217)
# Java VM: Java HotSpot(TM) 64-Bit Server VM (21.0.10+8-LTS-217, mixed mode, sharing, tiered, compressed oops, compressed class ptrs, g1 gc, windows-amd64)
GC Precious Log:
 CardTable entry size: 512
 Card Set container configuration: InlinePtr #cards 4 size 8 Array Of Cards #cards 16 size 48 Howl #buckets 8 coarsen threshold 3686 Howl Bitmap #cards 512 size 80 coarsen threshold 460 Card regions per heap region 1 cards per card region 4096
 CPUs: 8 total, 8 available
 Memory: 16086M
 Large Page Support: Disabled
 NUMA Support: Disabled
 Compressed Oops: Enabled (Zero based)
 Heap Region Size: 2M
 Heap Min Capacity: 8M
 Heap Initial Capacity: 252M
 Heap Max Capacity: 4022M
 Pre-touch: Disabled
 Parallel Workers: 8
 Concurrent Workers: 2
 Concurrent Refinement Workers: 8
 Periodic GC: Disabled
Heap:
 garbage-first heap   total 215040K, used 99007K [0x0000000704a00000, 0x0000000800000000)
  region size 2048K, 10 young (20480K), 5 survivors (10240K)
 Metaspace       used 96801K, committed 97728K, reserved 1179648K
  class space    used 12452K, committed 12864K, reserved 1048576K
GC Heap History (20 events):
Event: 14.320 GC heap before
{Heap before GC invocations=23 (full 0):
 garbage-first heap   total 110592K, used 91212K [0x0000000704a00000, 0x0000000800000000)
  region size 2048K, 23 young (47104K), 4 survivors (8192K)
 Metaspace       used 75863K, committed 76608K, reserved 1179648K
  class space    used 9964K, committed 10304K, reserved 1048576K
}
Event: 14.344 GC heap after
{Heap after GC invocations=24 (full 0):
 garbage-first heap   total 133120K, used 57344K [0x0000000704a00000, 0x0000000800000000)
  region size 2048K, 3 young (6144K), 3 survivors (6144K)
 Metaspace       used 75863K, committed 76608K, reserved 1179648K
  class space    used 9964K, committed 10304K, reserved 1048576K
}
Event: 14.716 GC heap before
{Heap before GC invocations=24 (full 0):
 garbage-first heap   total 133120K, used 118784K [0x0000000704a00000, 0x0000000800000000)
  region size 2048K, 33 young (67584K), 3 survivors (6144K)
 Metaspace       used 76435K, committed 77120K, reserved 1179648K
  class space    used 10024K, committed 10368K, reserved 1048576K
}
Event: 14.729 GC heap after
{Heap after GC invocations=25 (full 0):
 garbage-first heap   total 133120K, used 64274K [0x0000000704a00000, 0x0000000800000000)
  region size 2048K, 5 young (10240K), 5 survivors (10240K)
 Metaspace       used 76435K, committed 77120K, reserved 1179648K
  class space    used 10024K, committed 10368K, reserved 1048576K
}
Event: 15.273 GC heap before
{Heap before GC invocations=25 (full 0):
 garbage-first heap   total 133120K, used 113426K [0x0000000704a00000, 0x0000000800000000)
  region size 2048K, 29 young (59392K), 5 survivors (10240K)
 Metaspace       used 78139K, committed 78848K, reserved 1179648K
  class space    used 10187K, committed 10496K, reserved 1048576K
}
Event: 15.283 GC heap after
{Heap after GC invocations=26 (full 0):
 garbage-first heap   total 133120K, used 69499K [0x0000000704a00000, 0x0000000800000000)
  region size 2048K, 3 young (6144K), 3 survivors (6144K)
 Metaspace       used 78139K, committed 78848K, reserved 1179648K
  class space    used 10187K, committed 10496K, reserved 1048576K
}
Event: 15.552 GC heap before
{Heap before GC invocations=26 (full 0):
 garbage-first heap   total 133120K, used 116603K [0x0000000704a00000, 0x0000000800000000)
  region size 2048K, 26 young (53248K), 3 survivors (6144K)
 Metaspace       used 78327K, committed 79040K, reserved 1179648K
  class space    used 10193K, committed 10496K, reserved 1048576K
}
Event: 15.556 GC heap after
{Heap after GC invocations=27 (full 0):
 garbage-first heap   total 133120K, used 71163K [0x0000000704a00000, 0x0000000800000000)
  region size 2048K, 2 young (4096K), 2 survivors (4096K)
 Metaspace       used 78327K, committed 79040K, reserved 1179648K
  class space    used 10193K, committed 10496K, reserved 1048576K
}
Event: 15.972 GC heap before
{Heap before GC invocations=28 (full 0):
 garbage-first heap   total 133120K, used 116219K [0x0000000704a00000, 0x0000000800000000)
  region size 2048K, 25 young (51200K), 2 survivors (4096K)
 Metaspace       used 78817K, committed 79552K, reserved 1179648K
  class space    used 10213K, committed 10560K, reserved 1048576K
}
Event: 15.977 GC heap after
{Heap after GC invocations=29 (full 0):
 garbage-first heap   total 133120K, used 72355K [0x0000000704a00000, 0x0000000800000000)
  region size 2048K, 3 young (6144K), 3 survivors (6144K)
 Metaspace       used 78817K, committed 79552K, reserved 1179648K
  class space    used 10213K, committed 10560K, reserved 1048576K
}
Event: 16.315 GC heap before
{Heap before GC invocations=29 (full 0):
 garbage-first heap   total 133120K, used 117411K [0x0000000704a00000, 0x0000000800000000)
  region size 2048K, 25 young (51200K), 3 survivors (6144K)
 Metaspace       used 79279K, committed 80000K, reserved 1179648K
  class space    used 10238K, committed 10560K, reserved 1048576K
}
Event: 16.321 GC heap after
{Heap after GC invocations=30 (full 0):
 garbage-first heap   total 215040K, used 67705K [0x0000000704a00000, 0x0000000800000000)
  region size 2048K, 3 young (6144K), 3 survivors (6144K)
 Metaspace       used 79279K, committed 80000K, reserved 1179648K
  class space    used 10238K, committed 10560K, reserved 1048576K
}
Event: 17.135 GC heap before
{Heap before GC invocations=30 (full 0):
 garbage-first heap   total 215040K, used 182393K [0x0000000704a00000, 0x0000000800000000)
  region size 2048K, 59 young (120832K), 3 survivors (6144K)
 Metaspace       used 80600K, committed 81344K, reserved 1179648K
  class space    used 10299K, committed 10624K, reserved 1048576K
}
Event: 17.142 GC heap after
{Heap after GC invocations=31 (full 0):
 garbage-first heap   total 215040K, used 74471K [0x0000000704a00000, 0x0000000800000000)
  region size 2048K, 6 young (12288K), 6 survivors (12288K)
 Metaspace       used 80600K, committed 81344K, reserved 1179648K
  class space    used 10299K, committed 10624K, reserved 1048576K
}
Event: 18.715 GC heap before
{Heap before GC invocations=31 (full 0):
 garbage-first heap   total 215040K, used 187111K [0x0000000704a00000, 0x0000000800000000)
  region size 2048K, 61 young (124928K), 6 survivors (12288K)
 Metaspace       used 85674K, committed 86528K, reserved 1179648K
  class space    used 10913K, committed 11328K, reserved 1048576K
}
Event: 18.728 GC heap after
{Heap after GC invocations=32 (full 0):
 garbage-first heap   total 215040K, used 83112K [0x0000000704a00000, 0x0000000800000000)
  region size 2048K, 8 young (16384K), 8 survivors (16384K)
 Metaspace       used 85674K, committed 86528K, reserved 1179648K
  class space    used 10913K, committed 11328K, reserved 1048576K
}
Event: 19.790 GC heap before
{Heap before GC invocations=32 (full 0):
 garbage-first heap   total 215040K, used 185512K [0x0000000704a00000, 0x0000000800000000)
  region size 2048K, 58 young (118784K), 8 survivors (16384K)
 Metaspace       used 89466K, committed 90368K, reserved 1179648K
  class space    used 11479K, committed 11904K, reserved 1048576K
}
Event: 19.803 GC heap after
{Heap after GC invocations=33 (full 0):
 garbage-first heap   total 215040K, used 88729K [0x0000000704a00000, 0x0000000800000000)
  region size 2048K, 7 young (14336K), 7 survivors (14336K)
 Metaspace       used 89466K, committed 90368K, reserved 1179648K
  class space    used 11479K, committed 11904K, reserved 1048576K
}
Event: 31.360 GC heap before
{Heap before GC invocations=34 (full 0):
 garbage-first heap   total 215040K, used 184985K [0x0000000704a00000, 0x0000000800000000)
  region size 2048K, 55 young (112640K), 7 survivors (14336K)
 Metaspace       used 96709K, committed 97664K, reserved 1179648K
  class space    used 12437K, committed 12864K, reserved 1048576K
}
Event: 31.372 GC heap after
{Heap after GC invocations=35 (full 0):
 garbage-first heap   total 215040K, used 90815K [0x0000000704a00000, 0x0000000800000000)
  region size 2048K, 5 young (10240K), 5 survivors (10240K)
 Metaspace       used 96709K, committed 97664K, reserved 1179648K
  class space    used 12437K, committed 12864K, reserved 1048576K
}

